빌드 시작: 2020-05-23 오후 6:47:51
     1>2 노드의 "C:\Users\lg\Documents\c_practice\직사각형에서 탈출\직사각형에서 탈출\직사각형에서 탈출.vcxproj" 프로젝트(build 대상)입니다.
     1>PrepareForBuild:
         "C:\Users\lg\Documents\c_practice\직사각형에서 탈출\Debug\" 디렉터리를 만들고 있습니다.
       InitializeBuildStatus:
         "AlwaysCreate"이(가) 지정되었기 때문에 "Debug\직사각형에서 탈출.unsuccessfulbuild"을(를) 만들고 있습니다.
       ClCompile:
         C:\Program Files (x86)\Microsoft Visual Studio 10.0\VC\bin\CL.exe /c /ZI /nologo /W3 /WX- /Od /Oy- /D WIN32 /D _DEBUG /D _CONSOLE /D _UNICODE /D UNICODE /Gm /EHsc /RTC1 /MDd /GS /fp:precise /Zc:wchar_t /Zc:forScope /Fo"Debug\\" /Fd"Debug\vc100.pdb" /Gd /TC /analyze- /errorReport:prompt main.c
         main.c
     1>c:\users\lg\documents\c_practice\직사각형에서 탈출\직사각형에서 탈출\main.c(4): warning C4996: 'scanf': This function or variable may be unsafe. Consider using scanf_s instead. To disable deprecation, use _CRT_SECURE_NO_WARNINGS. See online help for details.
                 c:\program files (x86)\microsoft visual studio 10.0\vc\include\stdio.h(304) : 'scanf' 선언을 참조하십시오.
       ManifestResourceCompile:
         C:\Program Files (x86)\Microsoft SDKs\Windows\v7.0A\bin\rc.exe /nologo /fo"Debug\직사각형에서 탈출.exe.embed.manifest.res" "Debug\직사각형에서 탈출_manifest.rc" 
       Link:
         C:\Program Files (x86)\Microsoft Visual Studio 10.0\VC\bin\link.exe /ERRORREPORT:PROMPT /OUT:"C:\Users\lg\Documents\c_practice\직사각형에서 탈출\Debug\직사각형에서 탈출.exe" /INCREMENTAL /NOLOGO kernel32.lib user32.lib gdi32.lib winspool.lib comdlg32.lib advapi32.lib shell32.lib ole32.lib oleaut32.lib uuid.lib odbc32.lib odbccp32.lib /MANIFEST /ManifestFile:"Debug\직사각형에서 탈출.exe.intermediate.manifest" /MANIFESTUAC:"level='asInvoker' uiAccess='false'" /DEBUG /PDB:"C:\Users\lg\Documents\c_practice\직사각형에서 탈출\Debug\직사각형에서 탈출.pdb" /SUBSYSTEM:CONSOLE /TLBID:1 /DYNAMICBASE /NXCOMPAT /IMPLIB:"C:\Users\lg\Documents\c_practice\직사각형에서 탈출\Debug\직사각형에서 탈출.lib" /MACHINE:X86 "Debug\직사각형에서 탈출.exe.embed.manifest.res"
         Debug\main.obj
       Manifest:
         C:\Program Files (x86)\Microsoft SDKs\Windows\v7.0A\bin\mt.exe /nologo /verbose /out:"Debug\직사각형에서 탈출.exe.embed.manifest" /manifest "Debug\직사각형에서 탈출.exe.intermediate.manifest"
         C:\Program Files (x86)\Microsoft SDKs\Windows\v7.0A\bin\rc.exe /nologo /fo"Debug\직사각형에서 탈출.exe.embed.manifest.res" "Debug\직사각형에서 탈출_manifest.rc" 
       LinkEmbedManifest:
         C:\Program Files (x86)\Microsoft Visual Studio 10.0\VC\bin\link.exe /ERRORREPORT:PROMPT /OUT:"C:\Users\lg\Documents\c_practice\직사각형에서 탈출\Debug\직사각형에서 탈출.exe" /INCREMENTAL /NOLOGO kernel32.lib user32.lib gdi32.lib winspool.lib comdlg32.lib advapi32.lib shell32.lib ole32.lib oleaut32.lib uuid.lib odbc32.lib odbccp32.lib /MANIFEST /ManifestFile:"Debug\직사각형에서 탈출.exe.intermediate.manifest" /MANIFESTUAC:"level='asInvoker' uiAccess='false'" /DEBUG /PDB:"C:\Users\lg\Documents\c_practice\직사각형에서 탈출\Debug\직사각형에서 탈출.pdb" /SUBSYSTEM:CONSOLE /TLBID:1 /DYNAMICBASE /NXCOMPAT /IMPLIB:"C:\Users\lg\Documents\c_practice\직사각형에서 탈출\Debug\직사각형에서 탈출.lib" /MACHINE:X86 "Debug\직사각형에서 탈출.exe.embed.manifest.res"
         Debug\main.obj
         직사각형에서 탈출.vcxproj -> C:\Users\lg\Documents\c_practice\직사각형에서 탈출\Debug\직사각형에서 탈출.exe
       FinalizeBuildStatus:
         "Debug\직사각형에서 탈출.unsuccessfulbuild" 파일을 삭제하고 있습니다.
         "Debug\직사각형에서 탈출.lastbuildstate"에 연결(touching)하고 있습니다.
     1>"C:\Users\lg\Documents\c_practice\직사각형에서 탈출\직사각형에서 탈출\직사각형에서 탈출.vcxproj" 프로젝트를 빌드했습니다(build 대상).

빌드했습니다.

경과 시간: 00:00:01.57
