Build started 2019-09-19 오전 10:43:41.
     1>Project "c:\Users\lg\documents\visual studio 2010\Projects\gg\gg\gg.vcxproj" on node 2 (build target(s)).
     1>InitializeBuildStatus:
         Creating "Debug\gg.unsuccessfulbuild" because "AlwaysCreate" was specified.
       ClCompile:
         C:\Program Files (x86)\Microsoft Visual Studio 10.0\VC\bin\CL.exe /c /ZI /nologo /W3 /WX- /Od /Oy- /D WIN32 /D _DEBUG /D _CONSOLE /D _UNICODE /D UNICODE /Gm /EHsc /RTC1 /MDd /GS /fp:precise /Zc:wchar_t /Zc:forScope /Fo"Debug\\" /Fd"Debug\vc100.pdb" /Gd /TC /analyze- /errorReport:prompt main.c
         main.c
     1>c:\users\lg\documents\visual studio 2010\projects\gg\gg\main.c(33): warning C4244: 'return' : conversion from 'double' to 'int', possible loss of data
     1>c:\users\lg\documents\visual studio 2010\projects\gg\gg\main.c(44): warning C4996: 'scanf': This function or variable may be unsafe. Consider using scanf_s instead. To disable deprecation, use _CRT_SECURE_NO_WARNINGS. See online help for details.
                 c:\program files (x86)\microsoft visual studio 10.0\vc\include\stdio.h(304) : see declaration of 'scanf'
     1>c:\users\lg\documents\visual studio 2010\projects\gg\gg\main.c(46): warning C4996: 'scanf': This function or variable may be unsafe. Consider using scanf_s instead. To disable deprecation, use _CRT_SECURE_NO_WARNINGS. See online help for details.
                 c:\program files (x86)\microsoft visual studio 10.0\vc\include\stdio.h(304) : see declaration of 'scanf'
     1>c:\users\lg\documents\visual studio 2010\projects\gg\gg\main.c(48): warning C4996: 'scanf': This function or variable may be unsafe. Consider using scanf_s instead. To disable deprecation, use _CRT_SECURE_NO_WARNINGS. See online help for details.
                 c:\program files (x86)\microsoft visual studio 10.0\vc\include\stdio.h(304) : see declaration of 'scanf'
     1>c:\users\lg\documents\visual studio 2010\projects\gg\gg\main.c(21): warning C4716: '더하기' : must return a value
     1>c:\users\lg\documents\visual studio 2010\projects\gg\gg\main.c(24): warning C4716: '빼기' : must return a value
     1>c:\users\lg\documents\visual studio 2010\projects\gg\gg\main.c(27): warning C4716: '곱하기' : must return a value
       ManifestResourceCompile:
         All outputs are up-to-date.
       Link:
         C:\Program Files (x86)\Microsoft Visual Studio 10.0\VC\bin\link.exe /ERRORREPORT:PROMPT /OUT:"c:\users\lg\documents\visual studio 2010\Projects\gg\Debug\gg.exe" /INCREMENTAL /NOLOGO kernel32.lib user32.lib gdi32.lib winspool.lib comdlg32.lib advapi32.lib shell32.lib ole32.lib oleaut32.lib uuid.lib odbc32.lib odbccp32.lib /MANIFEST /ManifestFile:"Debug\gg.exe.intermediate.manifest" /MANIFESTUAC:"level='asInvoker' uiAccess='false'" /DEBUG /PDB:"c:\users\lg\documents\visual studio 2010\Projects\gg\Debug\gg.pdb" /SUBSYSTEM:CONSOLE /TLBID:1 /DYNAMICBASE /NXCOMPAT /IMPLIB:"c:\users\lg\documents\visual studio 2010\Projects\gg\Debug\gg.lib" /MACHINE:X86 Debug\gg.exe.embed.manifest.res
         Debug\main.obj
       Manifest:
         C:\Program Files (x86)\Microsoft SDKs\Windows\v7.0A\bin\mt.exe /nologo /verbose /out:"Debug\gg.exe.embed.manifest" /manifest Debug\gg.exe.intermediate.manifest
         All outputs are up-to-date.
       LinkEmbedManifest:
         All outputs are up-to-date.
         gg.vcxproj -> c:\users\lg\documents\visual studio 2010\Projects\gg\Debug\gg.exe
       FinalizeBuildStatus:
         Deleting file "Debug\gg.unsuccessfulbuild".
         Touching "Debug\gg.lastbuildstate".
     1>Done Building Project "c:\Users\lg\documents\visual studio 2010\Projects\gg\gg\gg.vcxproj" (build target(s)).

Build succeeded.

Time Elapsed 00:00:01.58
