Build started 2019-12-02 오후 3:06:13.
     1>Project "c:\Users\lg\documents\visual studio 2010\Projects\구조체+동적할당+포인터\구조체+동적할당+포인터\구조체+동적할당+포인터.vcxproj" on node 2 (build target(s)).
     1>C:\Windows\Microsoft.NET\Framework\v4.0.30319\Microsoft.Common.Targets(983,5): warning MSB3644: The reference assemblies for framework ".NETFramework,Version=v4.0" were not found. To resolve this, install the SDK or Targeting Pack for this framework version or retarget your application to a version of the framework for which you have the SDK or Targeting Pack installed. Note that assemblies will be resolved from the Global Assembly Cache (GAC) and will be used in place of reference assemblies. Therefore your assembly may not be correctly targeted for the framework you intend.
     1>InitializeBuildStatus:
         Creating "Debug\구조체+동적할당+포인터.unsuccessfulbuild" because "AlwaysCreate" was specified.
       ClCompile:
         C:\Program Files (x86)\Microsoft Visual Studio 10.0\VC\bin\CL.exe /c /ZI /nologo /W3 /WX- /Od /Oy- /D WIN32 /D _DEBUG /D _CONSOLE /D _UNICODE /D UNICODE /Gm /EHsc /RTC1 /MDd /GS /fp:precise /Zc:wchar_t /Zc:forScope /Fo"Debug\\" /Fd"Debug\vc100.pdb" /Gd /TC /analyze- /errorReport:prompt Battle.c
         Battle.c
     1>c:\users\lg\documents\visual studio 2010\projects\구조체+동적할당+포인터\구조체+동적할당+포인터\battle.c(12): warning C4996: 'scanf': This function or variable may be unsafe. Consider using scanf_s instead. To disable deprecation, use _CRT_SECURE_NO_WARNINGS. See online help for details.
                 c:\program files (x86)\microsoft visual studio 10.0\vc\include\stdio.h(304) : see declaration of 'scanf'
     1>c:\users\lg\documents\visual studio 2010\projects\구조체+동적할당+포인터\구조체+동적할당+포인터\battle.c(44): warning C4996: 'scanf': This function or variable may be unsafe. Consider using scanf_s instead. To disable deprecation, use _CRT_SECURE_NO_WARNINGS. See online help for details.
                 c:\program files (x86)\microsoft visual studio 10.0\vc\include\stdio.h(304) : see declaration of 'scanf'
     1>c:\users\lg\documents\visual studio 2010\projects\구조체+동적할당+포인터\구조체+동적할당+포인터\battle.c(39): warning C4101: 'size' : unreferenced local variable
     1>c:\users\lg\documents\visual studio 2010\projects\구조체+동적할당+포인터\구조체+동적할당+포인터\battle.c(57): warning C4996: 'scanf': This function or variable may be unsafe. Consider using scanf_s instead. To disable deprecation, use _CRT_SECURE_NO_WARNINGS. See online help for details.
                 c:\program files (x86)\microsoft visual studio 10.0\vc\include\stdio.h(304) : see declaration of 'scanf'
     1>c:\users\lg\documents\visual studio 2010\projects\구조체+동적할당+포인터\구조체+동적할당+포인터\battle.c(32): warning C4716: 'makeWeapons' : must return a value
     1>c:\users\lg\documents\visual studio 2010\projects\구조체+동적할당+포인터\구조체+동적할당+포인터\battle.c(36): warning C4716: 'makeName' : must return a value
       ManifestResourceCompile:
         All outputs are up-to-date.
       Link:
         C:\Program Files (x86)\Microsoft Visual Studio 10.0\VC\bin\link.exe /ERRORREPORT:PROMPT /OUT:"c:\users\lg\documents\visual studio 2010\Projects\구조체+동적할당+포인터\Debug\구조체+동적할당+포인터.exe" /INCREMENTAL /NOLOGO kernel32.lib user32.lib gdi32.lib winspool.lib comdlg32.lib advapi32.lib shell32.lib ole32.lib oleaut32.lib uuid.lib odbc32.lib odbccp32.lib /MANIFEST /ManifestFile:"Debug\구조체+동적할당+포인터.exe.intermediate.manifest" /MANIFESTUAC:"level='asInvoker' uiAccess='false'" /DEBUG /PDB:"c:\users\lg\documents\visual studio 2010\Projects\구조체+동적할당+포인터\Debug\구조체+동적할당+포인터.pdb" /SUBSYSTEM:CONSOLE /TLBID:1 /DYNAMICBASE /NXCOMPAT /IMPLIB:"c:\users\lg\documents\visual studio 2010\Projects\구조체+동적할당+포인터\Debug\구조체+동적할당+포인터.lib" /MACHINE:X86 "Debug\구조체+동적할당+포인터.exe.embed.manifest.res"
         Debug\Battle.obj
         Debug\main.obj
       Manifest:
         C:\Program Files (x86)\Microsoft SDKs\Windows\v7.0A\bin\mt.exe /nologo /verbose /out:"Debug\구조체+동적할당+포인터.exe.embed.manifest" /manifest "Debug\구조체+동적할당+포인터.exe.intermediate.manifest"
         All outputs are up-to-date.
       LinkEmbedManifest:
         All outputs are up-to-date.
         구조체+동적할당+포인터.vcxproj -> c:\users\lg\documents\visual studio 2010\Projects\구조체+동적할당+포인터\Debug\구조체+동적할당+포인터.exe
       FinalizeBuildStatus:
         Deleting file "Debug\구조체+동적할당+포인터.unsuccessfulbuild".
         Touching "Debug\구조체+동적할당+포인터.lastbuildstate".
     1>Done Building Project "c:\Users\lg\documents\visual studio 2010\Projects\구조체+동적할당+포인터\구조체+동적할당+포인터\구조체+동적할당+포인터.vcxproj" (build target(s)).

Build succeeded.

Time Elapsed 00:00:00.99
