빌드 시작: 2020-08-15 오후 2:48:32
     1>2 노드의 "C:\Users\lg\Documents\c_practice\비드맨\비드맨\비드맨.vcxproj" 프로젝트(build 대상)입니다.
     1>InitializeBuildStatus:
         "Debug\비드맨.unsuccessfulbuild"에 연결(touching)하고 있습니다.
       ClCompile:
         C:\Program Files (x86)\Microsoft Visual Studio 10.0\VC\bin\CL.exe /c /ZI /nologo /W3 /WX- /Od /Oy- /D WIN32 /D _DEBUG /D _WINDOWS /D _UNICODE /D UNICODE /Gm /EHsc /RTC1 /MDd /GS /fp:precise /Zc:wchar_t /Zc:forScope /Fo"Debug\\" /Fd"Debug\vc100.pdb" /Gd /TC /analyze- /errorReport:prompt main.c
         main.c
     1>c:\users\lg\documents\c_practice\비드맨\비드맨\main.c(8): warning C4996: 'scanf': This function or variable may be unsafe. Consider using scanf_s instead. To disable deprecation, use _CRT_SECURE_NO_WARNINGS. See online help for details.
                 c:\program files (x86)\microsoft visual studio 10.0\vc\include\stdio.h(304) : 'scanf' 선언을 참조하십시오.
     1>c:\users\lg\documents\c_practice\비드맨\비드맨\main.c(11): warning C4996: 'scanf': This function or variable may be unsafe. Consider using scanf_s instead. To disable deprecation, use _CRT_SECURE_NO_WARNINGS. See online help for details.
                 c:\program files (x86)\microsoft visual studio 10.0\vc\include\stdio.h(304) : 'scanf' 선언을 참조하십시오.
       ManifestResourceCompile:
         C:\Program Files (x86)\Microsoft SDKs\Windows\v7.0A\bin\rc.exe /nologo /fo"Debug\비드맨.exe.embed.manifest.res" "Debug\비드맨_manifest.rc" 
       Link:
         C:\Program Files (x86)\Microsoft Visual Studio 10.0\VC\bin\link.exe /ERRORREPORT:PROMPT /OUT:"C:\Users\lg\Documents\c_practice\비드맨\Debug\비드맨.exe" /INCREMENTAL /NOLOGO kernel32.lib user32.lib gdi32.lib winspool.lib comdlg32.lib advapi32.lib shell32.lib ole32.lib oleaut32.lib uuid.lib odbc32.lib odbccp32.lib /MANIFEST /ManifestFile:"Debug\비드맨.exe.intermediate.manifest" /MANIFESTUAC:"level='asInvoker' uiAccess='false'" /DEBUG /PDB:"C:\Users\lg\Documents\c_practice\비드맨\Debug\비드맨.pdb" /SUBSYSTEM:WINDOWS /TLBID:1 /DYNAMICBASE /NXCOMPAT /IMPLIB:"C:\Users\lg\Documents\c_practice\비드맨\Debug\비드맨.lib" /MACHINE:X86 "Debug\비드맨.exe.embed.manifest.res"
         Debug\main.obj
     1>MSVCRTD.lib(crtexew.obj) : error LNK2019: _WinMain@16 외부 기호(참조 위치: ___tmainCRTStartup 함수)에서 확인하지 못했습니다.
     1>C:\Users\lg\Documents\c_practice\비드맨\Debug\비드맨.exe : fatal error LNK1120: 1개의 확인할 수 없는 외부 참조입니다.
     1>"C:\Users\lg\Documents\c_practice\비드맨\비드맨\비드맨.vcxproj" 프로젝트를 빌드했습니다(build 대상). - 실패

빌드하지 못했습니다.

경과 시간: 00:00:01.36
